Arguments: 
  /Users/keishi/.nvm/versions/node/v20.5.1/bin/node /usr/local/Cellar/yarn/1.22.17_2/libexec/bin/yarn.js install

PATH: 
  /Users/keishi/.nvm/versions/node/v20.5.1/bin:/Users/keishi/.pyenv/shims:/Users/keishi/.rbenv/shims:/usr/local/opt/mysql@5.7/bin:/usr/local/bin:/usr/local/bin:/usr/local/sbin:/Library/Frameworks/Python.framework/Versions/3.9/bin:/opt/homebrew/bin:/opt/homebrew/sbin:/usr/bin:/bin:/usr/sbin:/sbin:/usr/local/go/bin:/Users/keishi/.nvm/versions/node/v20.5.1/bin:/Users/keishi/.rbenv/shims:/usr/local/opt/mysql@5.7/bin:/usr/local/bin:/usr/local/sbin:/Library/Frameworks/Python.framework/Versions/3.9/bin

Yarn version: 
  1.22.17

Node version: 
  20.5.1

Platform: 
  darwin x64

Trace: 
  Error: EACCES: permission denied, mkdir '/Users/keishi/serverless-video/node_modules/ajv'

npm manifest: 
  {
    "name": "serverless-video",
    "version": "0.1.0",
    "bin": {
      "serverless-video": "bin/serverless-video.js"
    },
    "scripts": {
      "build": "tsc",
      "watch": "tsc -w",
      "test": "jest",
      "cdk": "cdk"
    },
    "devDependencies": {
      "@types/jest": "^29.5.8",
      "@types/node": "20.9.0",
      "aws-cdk": "2.106.1",
      "jest": "^29.7.0",
      "ts-jest": "^29.1.1",
      "ts-node": "^10.9.1",
      "typescript": "~5.2.2"
    },
    "dependencies": {
      "aws-cdk-lib": "^2.106.1",
      "constructs": "^10.3.0",
      "source-map-support": "^0.5.21"
    }
  }

yarn manifest: 
  No manifest

Lockfile: 
  No lockfile
